<?xml version="1.0" encoding="UTF-8"?>
<testng-results ignored="0" total="2" passed="2" failed="0" skipped="0">
  <reporter-output>
  </reporter-output>
  <suite started-at="2022-10-02T17:54:12 IST" name="Default suite" finished-at="2022-10-02T17:54:16 IST" duration-ms="3797">
    <groups>
    </groups>
    <test started-at="2022-10-02T17:54:12 IST" name="Default test" finished-at="2022-10-02T17:54:16 IST" duration-ms="3797">
      <class name="Test01Get">
        <test-method signature="test_01()[pri:0, instance:Test01Get@446293d]" started-at="2022-10-02T17:54:12 IST" name="test_01" finished-at="2022-10-02T17:54:15 IST" duration-ms="2437" status="PASS">
          <reporter-output>
          </reporter-output>
        </test-method> <!-- test_01 -->
        <test-method signature="test_02()[pri:0, instance:Test01Get@446293d]" started-at="2022-10-02T17:54:15 IST" name="test_02" finished-at="2022-10-02T17:54:16 IST" duration-ms="1299" status="PASS">
          <reporter-output>
          </reporter-output>
        </test-method> <!-- test_02 -->
      </class> <!-- Test01Get -->
    </test> <!-- Default test -->
  </suite> <!-- Default suite -->
</testng-results>
